<?xml version="1.0" encoding="UTF-8"?>
<!-- Generated by org.testng.reporters.JUnitXMLReporter -->
<testsuite ignored="0" hostname="Pravin" failures="0" tests="4" name="Test(failed)" time="11.692" errors="0" timestamp="2022-11-04T08:26:26 IST">
  <testcase classname="com.sauceDemo.TestPackage.TestBaseClass" name="@AfterMethod LogoutSetUp" time="1.192">
    <failure type="org.openqa.selenium.ElementNotInteractableException" message="Element &amp;lt;a id=&amp;quot;logout_sidebar_link&amp;quot; class=&amp;quot;bm-item menu-item&amp;quot; href=&amp;quot;#&amp;quot;&amp;gt; could not be scrolled into view
Build info: version: &amp;apos;3.141.59&amp;apos;, revision: &amp;apos;e82be7d358&amp;apos;, time: &amp;apos;2018-11-14T08:17:03&amp;apos;
System info: host: &amp;apos;PRAVIN&amp;apos;, ip: &amp;apos;192.168.254.231&amp;apos;, os.name: &amp;apos;Windows 11&amp;apos;, os.arch: &amp;apos;amd64&amp;apos;, os.version: &amp;apos;10.0&amp;apos;, java.version: &amp;apos;11.0.15.1&amp;apos;
Driver info: org.openqa.selenium.firefox.FirefoxDriver
Capabilities {acceptInsecureCerts: true, browserName: firefox, browserVersion: 106.0.3, javascriptEnabled: true, moz:accessibilityChecks: false, moz:buildID: 20221030091646, moz:geckodriverVersion: 0.32.0, moz:headless: false, moz:platformVersion: 10.0, moz:processID: 12224, moz:profile: C:\Users\PRAVIN~1\AppData\L..., moz:shutdownTimeout: 60000, moz:useNonSpecCompliantPointerOrigin: false, moz:webdriverClick: true, moz:windowless: false, pageLoadStrategy: normal, platform: WINDOWS, platformName: WINDOWS, proxy: Proxy(), setWindowRect: true, strictFileInteractability: false, timeouts: {implicit: 0, pageLoad: 300000, script: 30000}, unhandledPromptBehavior: dismiss and notify}
Session ID: d3593987-0985-412d-adc0-5db7678dabf8">
      <![CDATA[org.openqa.selenium.ElementNotInteractableException: Element <a id="logout_sidebar_link" class="bm-item menu-item" href="#"> could not be scrolled into view
Build info: version: '3.141.59', revision: 'e82be7d358', time: '2018-11-14T08:17:03'
System info: host: 'PRAVIN', ip: '192.168.254.231', os.name: 'Windows 11', os.arch: 'amd64', os.version: '10.0', java.version: '11.0.15.1'
Driver info: org.openqa.selenium.firefox.FirefoxDriver
Capabilities {acceptInsecureCerts: true, browserName: firefox, browserVersion: 106.0.3, javascriptEnabled: true, moz:accessibilityChecks: false, moz:buildID: 20221030091646, moz:geckodriverVersion: 0.32.0, moz:headless: false, moz:platformVersion: 10.0, moz:processID: 12224, moz:profile: C:\Users\PRAVIN~1\AppData\L..., moz:shutdownTimeout: 60000, moz:useNonSpecCompliantPointerOrigin: false, moz:webdriverClick: true, moz:windowless: false, pageLoadStrategy: normal, platform: WINDOWS, platformName: WINDOWS, proxy: Proxy(), setWindowRect: true, strictFileInteractability: false, timeouts: {implicit: 0, pageLoad: 300000, script: 30000}, unhandledPromptBehavior: dismiss and notify}
Session ID: d3593987-0985-412d-adc0-5db7678dabf8
at org.openqa.selenium.remote.http.W3CHttpResponseCodec.createException(W3CHttpResponseCodec.java:187)
at org.openqa.selenium.remote.http.W3CHttpResponseCodec.decode(W3CHttpResponseCodec.java:122)
at org.openqa.selenium.remote.http.W3CHttpResponseCodec.decode(W3CHttpResponseCodec.java:49)
at org.openqa.selenium.remote.HttpCommandExecutor.execute(HttpCommandExecutor.java:158)
at org.openqa.selenium.remote.service.DriverCommandExecutor.execute(DriverCommandExecutor.java:83)
at org.openqa.selenium.remote.RemoteWebDriver.execute(RemoteWebDriver.java:552)
at org.openqa.selenium.remote.RemoteWebElement.execute(RemoteWebElement.java:285)
at org.openqa.selenium.remote.RemoteWebElement.click(RemoteWebElement.java:84)
at org.openqa.selenium.support.pagefactory.internal.LocatingElementHandler.invoke(LocatingElementHandler.java:51)
at com.sun.proxy.$Proxy15.click(Unknown Source)
at com.sauceDemo.POMPackage.HomePOMClass.clickOnLogOutButton(HomePOMClass.java:47)
at com.sauceDemo.TestPackage.TestBaseClass.LogoutSetUp(TestBaseClass.java:95)
at java.base/java.util.concurrent.ThreadPoolExecutor.runWorker(ThreadPoolExecutor.java:1128)
at java.base/java.util.concurrent.ThreadPoolExecutor$Worker.run(ThreadPoolExecutor.java:628)
at java.base/java.lang.Thread.run(Thread.java:834)
... Removed 25 stack frames]]>
    </failure>
  </testcase> <!-- @AfterMethod LogoutSetUp -->
  <testcase classname="com.sauceDemo.TestPackage.TestBaseClass" name="@BeforeMethod LoginSetUp" time="-1.667530584233E9">
    <skipped/>
  </testcase> <!-- @BeforeMethod LoginSetUp -->
  <testcase classname="com.sauceDemo.TestPackage.TestBaseClass" name="@AfterMethod LogoutSetUp" time="-1.667530584242E9">
    <skipped/>
  </testcase> <!-- @AfterMethod LogoutSetUp -->
  <testcase classname="com.sauceDemo.TestPackage.TestBaseClass" name="@AfterClass TearDown" time="-1.667530584245E9">
    <skipped/>
  </testcase> <!-- @AfterClass TearDown -->
  <testcase classname="com.sauceDemo.TestPackage.TC07_VerifyLogOutFunctionality" name="Validation" time="0.018"/>
  <testcase classname="com.sauceDemo.TestPackage.TC01_VerifyLoginFunctionality" name="VerifyLogin" time="0.004"/>
  <testcase classname="com.sauceDemo.TestPackage.TC01_VerifyLoginFunctionality" name="VerifyLogin" time="0.0">
    <skipped/>
  </testcase> <!-- VerifyLogin -->
  <testcase classname="com.sauceDemo.TestPackage.TC07_VerifyLogOutFunctionality" name="Validation" time="0.006"/>
</testsuite> <!-- Test(failed) -->
