<?xml version="1.0" encoding="UTF-8"?>
<testng-results ignored="0" total="10" passed="7" failed="1" skipped="2">
  <reporter-output>
  </reporter-output>
  <suite started-at="2022-11-05T12:14:35 IST" name="Suite" finished-at="2022-11-05T12:15:30 IST" duration-ms="55436">
    <groups>
    </groups>
    <test started-at="2022-11-05T12:14:35 IST" name="ChromeTest" finished-at="2022-11-05T12:15:03 IST" duration-ms="28461">
      <class name="com.sauceDemo.TestPackage.TC03_VerifyToSelectTheBagProduct">
        <test-method is-config="true" signature="SetUp(java.lang.String)[pri:0, instance:com.sauceDemo.TestPackage.TC03_VerifyToSelectTheBagProduct@16a0ee18]" started-at="2022-11-05T12:14:35 IST" name="SetUp" finished-at="2022-11-05T12:14:40 IST" duration-ms="4927" status="PASS">
          <params>
            <param index="0">
              <value>
                <![CDATA[chrome]]>
              </value>
            </param>
          </params>
          <reporter-output>
          </reporter-output>
        </test-method> <!-- SetUp -->
        <test-method is-config="true" signature="LoginSetUp()[pri:0, instance:com.sauceDemo.TestPackage.TC03_VerifyToSelectTheBagProduct@16a0ee18]" started-at="2022-11-05T12:14:40 IST" name="LoginSetUp" finished-at="2022-11-05T12:14:41 IST" duration-ms="841" status="PASS">
          <reporter-output>
          </reporter-output>
        </test-method> <!-- LoginSetUp -->
        <test-method signature="VerifyToSelectBagProduct()[pri:5, instance:com.sauceDemo.TestPackage.TC03_VerifyToSelectTheBagProduct@16a0ee18]" started-at="2022-11-05T12:14:41 IST" name="VerifyToSelectBagProduct" finished-at="2022-11-05T12:14:46 IST" duration-ms="5470" status="PASS">
          <reporter-output>
          </reporter-output>
        </test-method> <!-- VerifyToSelectBagProduct -->
        <test-method is-config="true" signature="LogoutSetUp()[pri:0, instance:com.sauceDemo.TestPackage.TC03_VerifyToSelectTheBagProduct@16a0ee18]" started-at="2022-11-05T12:14:46 IST" name="LogoutSetUp" finished-at="2022-11-05T12:14:47 IST" duration-ms="983" status="PASS">
          <reporter-output>
          </reporter-output>
        </test-method> <!-- LogoutSetUp -->
        <test-method is-config="true" signature="TearDown()[pri:0, instance:com.sauceDemo.TestPackage.TC03_VerifyToSelectTheBagProduct@16a0ee18]" started-at="2022-11-05T12:14:47 IST" name="TearDown" finished-at="2022-11-05T12:15:03 IST" duration-ms="16216" status="PASS">
          <reporter-output>
          </reporter-output>
        </test-method> <!-- TearDown -->
      </class> <!-- com.sauceDemo.TestPackage.TC03_VerifyToSelectTheBagProduct -->
      <class name="com.sauceDemo.TestPackage.TC04_VerifyToAddTheProductToCart_BagProduct">
        <test-method is-config="true" signature="SetUp(java.lang.String)[pri:0, instance:com.sauceDemo.TestPackage.TC04_VerifyToAddTheProductToCart_BagProduct@3d6f0054]" started-at="2022-11-05T12:14:35 IST" name="SetUp" finished-at="2022-11-05T12:14:39 IST" duration-ms="4595" status="PASS">
          <params>
            <param index="0">
              <value>
                <![CDATA[chrome]]>
              </value>
            </param>
          </params>
          <reporter-output>
          </reporter-output>
        </test-method> <!-- SetUp -->
        <test-method is-config="true" signature="LoginSetUp()[pri:0, instance:com.sauceDemo.TestPackage.TC04_VerifyToAddTheProductToCart_BagProduct@3d6f0054]" started-at="2022-11-05T12:14:39 IST" name="LoginSetUp" finished-at="2022-11-05T12:14:40 IST" duration-ms="892" status="PASS">
          <reporter-output>
          </reporter-output>
        </test-method> <!-- LoginSetUp -->
        <test-method signature="VerifyToAddToCart_BagProduct()[pri:6, instance:com.sauceDemo.TestPackage.TC04_VerifyToAddTheProductToCart_BagProduct@3d6f0054]" started-at="2022-11-05T12:14:40 IST" name="VerifyToAddToCart_BagProduct" finished-at="2022-11-05T12:14:41 IST" duration-ms="1090" status="PASS">
          <reporter-output>
          </reporter-output>
        </test-method> <!-- VerifyToAddToCart_BagProduct -->
        <test-method is-config="true" signature="LogoutSetUp()[pri:0, instance:com.sauceDemo.TestPackage.TC04_VerifyToAddTheProductToCart_BagProduct@3d6f0054]" started-at="2022-11-05T12:14:41 IST" name="LogoutSetUp" finished-at="2022-11-05T12:14:42 IST" duration-ms="922" status="PASS">
          <reporter-output>
          </reporter-output>
        </test-method> <!-- LogoutSetUp -->
        <test-method is-config="true" signature="TearDown()[pri:0, instance:com.sauceDemo.TestPackage.TC04_VerifyToAddTheProductToCart_BagProduct@3d6f0054]" started-at="2022-11-05T12:14:42 IST" name="TearDown" finished-at="2022-11-05T12:14:59 IST" duration-ms="16254" status="PASS">
          <reporter-output>
          </reporter-output>
        </test-method> <!-- TearDown -->
      </class> <!-- com.sauceDemo.TestPackage.TC04_VerifyToAddTheProductToCart_BagProduct -->
      <class name="com.sauceDemo.TestPackage.TC05_VerifyToBuyTheProduct">
        <test-method is-config="true" signature="SetUp(java.lang.String)[pri:0, instance:com.sauceDemo.TestPackage.TC05_VerifyToBuyTheProduct@505fc5a4]" started-at="2022-11-05T12:14:35 IST" name="SetUp" finished-at="2022-11-05T12:14:43 IST" duration-ms="8257" status="PASS">
          <params>
            <param index="0">
              <value>
                <![CDATA[chrome]]>
              </value>
            </param>
          </params>
          <reporter-output>
          </reporter-output>
        </test-method> <!-- SetUp -->
        <test-method is-config="true" signature="LoginSetUp()[pri:0, instance:com.sauceDemo.TestPackage.TC05_VerifyToBuyTheProduct@505fc5a4]" started-at="2022-11-05T12:14:43 IST" name="LoginSetUp" finished-at="2022-11-05T12:14:44 IST" duration-ms="726" status="PASS">
          <reporter-output>
          </reporter-output>
        </test-method> <!-- LoginSetUp -->
        <test-method signature="VerifyBuyProduct()[pri:7, instance:com.sauceDemo.TestPackage.TC05_VerifyToBuyTheProduct@505fc5a4]" started-at="2022-11-05T12:14:44 IST" name="VerifyBuyProduct" finished-at="2022-11-05T12:14:45 IST" duration-ms="955" status="PASS">
          <reporter-output>
          </reporter-output>
        </test-method> <!-- VerifyBuyProduct -->
        <test-method is-config="true" signature="LogoutSetUp()[pri:0, instance:com.sauceDemo.TestPackage.TC05_VerifyToBuyTheProduct@505fc5a4]" started-at="2022-11-05T12:14:45 IST" name="LogoutSetUp" finished-at="2022-11-05T12:14:46 IST" duration-ms="838" status="PASS">
          <reporter-output>
          </reporter-output>
        </test-method> <!-- LogoutSetUp -->
        <test-method is-config="true" signature="TearDown()[pri:0, instance:com.sauceDemo.TestPackage.TC05_VerifyToBuyTheProduct@505fc5a4]" started-at="2022-11-05T12:14:46 IST" name="TearDown" finished-at="2022-11-05T12:15:02 IST" duration-ms="16199" status="PASS">
          <reporter-output>
          </reporter-output>
        </test-method> <!-- TearDown -->
      </class> <!-- com.sauceDemo.TestPackage.TC05_VerifyToBuyTheProduct -->
      <class name="com.sauceDemo.TestPackage.TC01_VerifyLoginFunctionality">
        <test-method is-config="true" signature="SetUp(java.lang.String)[pri:0, instance:com.sauceDemo.TestPackage.TC01_VerifyLoginFunctionality@76c3e77a]" started-at="2022-11-05T12:14:35 IST" name="SetUp" finished-at="2022-11-05T12:14:39 IST" duration-ms="4614" status="PASS">
          <params>
            <param index="0">
              <value>
                <![CDATA[chrome]]>
              </value>
            </param>
          </params>
          <reporter-output>
          </reporter-output>
        </test-method> <!-- SetUp -->
        <test-method is-config="true" signature="LoginSetUp()[pri:0, instance:com.sauceDemo.TestPackage.TC01_VerifyLoginFunctionality@76c3e77a]" started-at="2022-11-05T12:14:39 IST" name="LoginSetUp" finished-at="2022-11-05T12:14:40 IST" duration-ms="898" status="PASS">
          <reporter-output>
          </reporter-output>
        </test-method> <!-- LoginSetUp -->
        <test-method signature="VerifyLogin()[pri:1, instance:com.sauceDemo.TestPackage.TC01_VerifyLoginFunctionality@76c3e77a]" started-at="2022-11-05T12:14:40 IST" name="VerifyLogin" finished-at="2022-11-05T12:14:40 IST" duration-ms="11" status="PASS">
          <reporter-output>
          </reporter-output>
        </test-method> <!-- VerifyLogin -->
        <test-method is-config="true" signature="LogoutSetUp()[pri:0, instance:com.sauceDemo.TestPackage.TC01_VerifyLoginFunctionality@76c3e77a]" started-at="2022-11-05T12:14:40 IST" name="LogoutSetUp" finished-at="2022-11-05T12:14:41 IST" duration-ms="893" status="PASS">
          <reporter-output>
          </reporter-output>
        </test-method> <!-- LogoutSetUp -->
        <test-method is-config="true" signature="LoginSetUp()[pri:0, instance:com.sauceDemo.TestPackage.TC01_VerifyLoginFunctionality@76c3e77a]" started-at="2022-11-05T12:14:41 IST" name="LoginSetUp" finished-at="2022-11-05T12:14:42 IST" duration-ms="818" status="PASS">
          <reporter-output>
          </reporter-output>
        </test-method> <!-- LoginSetUp -->
        <test-method signature="VerifyLogin()[pri:1, instance:com.sauceDemo.TestPackage.TC01_VerifyLoginFunctionality@76c3e77a]" started-at="2022-11-05T12:14:42 IST" name="VerifyLogin" finished-at="2022-11-05T12:14:42 IST" duration-ms="7" status="PASS">
          <reporter-output>
          </reporter-output>
        </test-method> <!-- VerifyLogin -->
        <test-method is-config="true" signature="LogoutSetUp()[pri:0, instance:com.sauceDemo.TestPackage.TC01_VerifyLoginFunctionality@76c3e77a]" started-at="2022-11-05T12:14:42 IST" name="LogoutSetUp" finished-at="2022-11-05T12:14:43 IST" duration-ms="937" status="PASS">
          <reporter-output>
          </reporter-output>
        </test-method> <!-- LogoutSetUp -->
        <test-method is-config="true" signature="TearDown()[pri:0, instance:com.sauceDemo.TestPackage.TC01_VerifyLoginFunctionality@76c3e77a]" started-at="2022-11-05T12:14:43 IST" name="TearDown" finished-at="2022-11-05T12:14:59 IST" duration-ms="16228" status="PASS">
          <reporter-output>
          </reporter-output>
        </test-method> <!-- TearDown -->
      </class> <!-- com.sauceDemo.TestPackage.TC01_VerifyLoginFunctionality -->
    </test> <!-- ChromeTest -->
    <test started-at="2022-11-05T12:15:03 IST" name="FirefoxTest" finished-at="2022-11-05T12:15:30 IST" duration-ms="26910">
      <class name="com.sauceDemo.TestPackage.TC08_VerifyToApplyTheFilter">
        <test-method is-config="true" signature="SetUp(java.lang.String)[pri:0, instance:com.sauceDemo.TestPackage.TC08_VerifyToApplyTheFilter@43dac38f]" started-at="2022-11-05T12:15:03 IST" name="SetUp" finished-at="2022-11-05T12:15:30 IST" duration-ms="26892" status="FAIL">
          <params>
            <param index="0">
              <value>
                <![CDATA[firefox]]>
              </value>
            </param>
          </params>
          <exception class="org.openqa.selenium.NoSuchWindowException">
            <message>
              <![CDATA[Browsing context has been discarded
Build info: version: '3.141.59', revision: 'e82be7d358', time: '2018-11-14T08:17:03'
System info: host: 'PRAVIN', ip: '192.168.45.231', os.name: 'Windows 11', os.arch: 'amd64', os.version: '10.0', java.version: '11.0.15.1'
Driver info: org.openqa.selenium.firefox.FirefoxDriver
Capabilities {acceptInsecureCerts: true, browserName: firefox, browserVersion: 106.0.3, javascriptEnabled: true, moz:accessibilityChecks: false, moz:buildID: 20221030091646, moz:geckodriverVersion: 0.32.0, moz:headless: false, moz:platformVersion: 10.0, moz:processID: 3948, moz:profile: C:\Users\PRAVIN~1\AppData\L..., moz:shutdownTimeout: 60000, moz:useNonSpecCompliantPointerOrigin: false, moz:webdriverClick: true, moz:windowless: false, pageLoadStrategy: normal, platform: WINDOWS, platformName: WINDOWS, proxy: Proxy(), setWindowRect: true, strictFileInteractability: false, timeouts: {implicit: 0, pageLoad: 300000, script: 30000}, unhandledPromptBehavior: dismiss and notify}
Session ID: dcd6ba85-f47c-4039-80a2-5b206d796395]]>
            </message>
            <full-stacktrace>
              <![CDATA[org.openqa.selenium.NoSuchWindowException: Browsing context has been discarded
Build info: version: '3.141.59', revision: 'e82be7d358', time: '2018-11-14T08:17:03'
System info: host: 'PRAVIN', ip: '192.168.45.231', os.name: 'Windows 11', os.arch: 'amd64', os.version: '10.0', java.version: '11.0.15.1'
Driver info: org.openqa.selenium.firefox.FirefoxDriver
Capabilities {acceptInsecureCerts: true, browserName: firefox, browserVersion: 106.0.3, javascriptEnabled: true, moz:accessibilityChecks: false, moz:buildID: 20221030091646, moz:geckodriverVersion: 0.32.0, moz:headless: false, moz:platformVersion: 10.0, moz:processID: 3948, moz:profile: C:\Users\PRAVIN~1\AppData\L..., moz:shutdownTimeout: 60000, moz:useNonSpecCompliantPointerOrigin: false, moz:webdriverClick: true, moz:windowless: false, pageLoadStrategy: normal, platform: WINDOWS, platformName: WINDOWS, proxy: Proxy(), setWindowRect: true, strictFileInteractability: false, timeouts: {implicit: 0, pageLoad: 300000, script: 30000}, unhandledPromptBehavior: dismiss and notify}
Session ID: dcd6ba85-f47c-4039-80a2-5b206d796395
at java.base/jdk.internal.reflect.NativeConstructorAccessorImpl.newInstance0(Native Method)
at java.base/jdk.internal.reflect.NativeConstructorAccessorImpl.newInstance(NativeConstructorAccessorImpl.java:62)
at java.base/jdk.internal.reflect.DelegatingConstructorAccessorImpl.newInstance(DelegatingConstructorAccessorImpl.java:45)
at java.base/java.lang.reflect.Constructor.newInstance(Constructor.java:490)
at org.openqa.selenium.remote.http.W3CHttpResponseCodec.createException(W3CHttpResponseCodec.java:187)
at org.openqa.selenium.remote.http.W3CHttpResponseCodec.decode(W3CHttpResponseCodec.java:122)
at org.openqa.selenium.remote.http.W3CHttpResponseCodec.decode(W3CHttpResponseCodec.java:49)
at org.openqa.selenium.remote.HttpCommandExecutor.execute(HttpCommandExecutor.java:158)
at org.openqa.selenium.remote.service.DriverCommandExecutor.execute(DriverCommandExecutor.java:83)
at org.openqa.selenium.remote.RemoteWebDriver.execute(RemoteWebDriver.java:552)
at org.openqa.selenium.remote.RemoteWebDriver.execute(RemoteWebDriver.java:609)
at org.openqa.selenium.remote.RemoteWebDriver.getScreenshotAs(RemoteWebDriver.java:295)
at com.sauceDemo.UtilityPackage.SauceScreenshot.Screenshots(SauceScreenshot.java:16)
at com.sauceDemo.TestPackage.TestBaseClass.SetUp(TestBaseClass.java:76)
at java.base/jdk.internal.reflect.NativeMethodAccessorImpl.invoke0(Native Method)
at java.base/jdk.internal.reflect.NativeMethodAccessorImpl.invoke(NativeMethodAccessorImpl.java:62)
at java.base/jdk.internal.reflect.DelegatingMethodAccessorImpl.invoke(DelegatingMethodAccessorImpl.java:43)
at java.base/java.lang.reflect.Method.invoke(Method.java:566)
at org.testng.internal.MethodInvocationHelper.invokeMethod(MethodInvocationHelper.java:133)
at org.testng.internal.MethodInvocationHelper.invokeMethodConsideringTimeout(MethodInvocationHelper.java:62)
at org.testng.internal.ConfigInvoker.invokeConfigurationMethod(ConfigInvoker.java:385)
at org.testng.internal.ConfigInvoker.invokeConfigurations(ConfigInvoker.java:321)
at org.testng.internal.TestMethodWorker.invokeBeforeClassMethods(TestMethodWorker.java:176)
at org.testng.internal.TestMethodWorker.run(TestMethodWorker.java:122)
at java.base/java.util.concurrent.ThreadPoolExecutor.runWorker(ThreadPoolExecutor.java:1128)
at java.base/java.util.concurrent.ThreadPoolExecutor$Worker.run(ThreadPoolExecutor.java:628)
at java.base/java.lang.Thread.run(Thread.java:834)
]]>
            </full-stacktrace>
          </exception> <!-- org.openqa.selenium.NoSuchWindowException -->
          <reporter-output>
          </reporter-output>
        </test-method> <!-- SetUp -->
        <test-method is-config="true" signature="LoginSetUp()[pri:0, instance:com.sauceDemo.TestPackage.TC08_VerifyToApplyTheFilter@43dac38f]" started-at="2022-11-05T12:15:30 IST" name="LoginSetUp" finished-at="1970-01-01T05:30:00 IST" duration-ms="-1667630730736" status="SKIP">
          <reporter-output>
          </reporter-output>
        </test-method> <!-- LoginSetUp -->
        <test-method signature="VerifyFilters()[pri:3, instance:com.sauceDemo.TestPackage.TC08_VerifyToApplyTheFilter@43dac38f]" started-at="2022-11-05T12:15:30 IST" name="VerifyFilters" finished-at="2022-11-05T12:15:30 IST" duration-ms="0" status="SKIP">
          <exception class="org.openqa.selenium.NoSuchWindowException">
            <message>
              <![CDATA[Browsing context has been discarded
Build info: version: '3.141.59', revision: 'e82be7d358', time: '2018-11-14T08:17:03'
System info: host: 'PRAVIN', ip: '192.168.45.231', os.name: 'Windows 11', os.arch: 'amd64', os.version: '10.0', java.version: '11.0.15.1'
Driver info: org.openqa.selenium.firefox.FirefoxDriver
Capabilities {acceptInsecureCerts: true, browserName: firefox, browserVersion: 106.0.3, javascriptEnabled: true, moz:accessibilityChecks: false, moz:buildID: 20221030091646, moz:geckodriverVersion: 0.32.0, moz:headless: false, moz:platformVersion: 10.0, moz:processID: 3948, moz:profile: C:\Users\PRAVIN~1\AppData\L..., moz:shutdownTimeout: 60000, moz:useNonSpecCompliantPointerOrigin: false, moz:webdriverClick: true, moz:windowless: false, pageLoadStrategy: normal, platform: WINDOWS, platformName: WINDOWS, proxy: Proxy(), setWindowRect: true, strictFileInteractability: false, timeouts: {implicit: 0, pageLoad: 300000, script: 30000}, unhandledPromptBehavior: dismiss and notify}
Session ID: dcd6ba85-f47c-4039-80a2-5b206d796395]]>
            </message>
            <full-stacktrace>
              <![CDATA[org.openqa.selenium.NoSuchWindowException: Browsing context has been discarded
Build info: version: '3.141.59', revision: 'e82be7d358', time: '2018-11-14T08:17:03'
System info: host: 'PRAVIN', ip: '192.168.45.231', os.name: 'Windows 11', os.arch: 'amd64', os.version: '10.0', java.version: '11.0.15.1'
Driver info: org.openqa.selenium.firefox.FirefoxDriver
Capabilities {acceptInsecureCerts: true, browserName: firefox, browserVersion: 106.0.3, javascriptEnabled: true, moz:accessibilityChecks: false, moz:buildID: 20221030091646, moz:geckodriverVersion: 0.32.0, moz:headless: false, moz:platformVersion: 10.0, moz:processID: 3948, moz:profile: C:\Users\PRAVIN~1\AppData\L..., moz:shutdownTimeout: 60000, moz:useNonSpecCompliantPointerOrigin: false, moz:webdriverClick: true, moz:windowless: false, pageLoadStrategy: normal, platform: WINDOWS, platformName: WINDOWS, proxy: Proxy(), setWindowRect: true, strictFileInteractability: false, timeouts: {implicit: 0, pageLoad: 300000, script: 30000}, unhandledPromptBehavior: dismiss and notify}
Session ID: dcd6ba85-f47c-4039-80a2-5b206d796395
at java.base/jdk.internal.reflect.NativeConstructorAccessorImpl.newInstance0(Native Method)
at java.base/jdk.internal.reflect.NativeConstructorAccessorImpl.newInstance(NativeConstructorAccessorImpl.java:62)
at java.base/jdk.internal.reflect.DelegatingConstructorAccessorImpl.newInstance(DelegatingConstructorAccessorImpl.java:45)
at java.base/java.lang.reflect.Constructor.newInstance(Constructor.java:490)
at org.openqa.selenium.remote.http.W3CHttpResponseCodec.createException(W3CHttpResponseCodec.java:187)
at org.openqa.selenium.remote.http.W3CHttpResponseCodec.decode(W3CHttpResponseCodec.java:122)
at org.openqa.selenium.remote.http.W3CHttpResponseCodec.decode(W3CHttpResponseCodec.java:49)
at org.openqa.selenium.remote.HttpCommandExecutor.execute(HttpCommandExecutor.java:158)
at org.openqa.selenium.remote.service.DriverCommandExecutor.execute(DriverCommandExecutor.java:83)
at org.openqa.selenium.remote.RemoteWebDriver.execute(RemoteWebDriver.java:552)
at org.openqa.selenium.remote.RemoteWebDriver.execute(RemoteWebDriver.java:609)
at org.openqa.selenium.remote.RemoteWebDriver.getScreenshotAs(RemoteWebDriver.java:295)
at com.sauceDemo.UtilityPackage.SauceScreenshot.Screenshots(SauceScreenshot.java:16)
at com.sauceDemo.TestPackage.TestBaseClass.SetUp(TestBaseClass.java:76)
at java.base/jdk.internal.reflect.NativeMethodAccessorImpl.invoke0(Native Method)
at java.base/jdk.internal.reflect.NativeMethodAccessorImpl.invoke(NativeMethodAccessorImpl.java:62)
at java.base/jdk.internal.reflect.DelegatingMethodAccessorImpl.invoke(DelegatingMethodAccessorImpl.java:43)
at java.base/java.lang.reflect.Method.invoke(Method.java:566)
at org.testng.internal.MethodInvocationHelper.invokeMethod(MethodInvocationHelper.java:133)
at org.testng.internal.MethodInvocationHelper.invokeMethodConsideringTimeout(MethodInvocationHelper.java:62)
at org.testng.internal.ConfigInvoker.invokeConfigurationMethod(ConfigInvoker.java:385)
at org.testng.internal.ConfigInvoker.invokeConfigurations(ConfigInvoker.java:321)
at org.testng.internal.TestMethodWorker.invokeBeforeClassMethods(TestMethodWorker.java:176)
at org.testng.internal.TestMethodWorker.run(TestMethodWorker.java:122)
at java.base/java.util.concurrent.ThreadPoolExecutor.runWorker(ThreadPoolExecutor.java:1128)
at java.base/java.util.concurrent.ThreadPoolExecutor$Worker.run(ThreadPoolExecutor.java:628)
at java.base/java.lang.Thread.run(Thread.java:834)
]]>
            </full-stacktrace>
          </exception> <!-- org.openqa.selenium.NoSuchWindowException -->
          <reporter-output>
          </reporter-output>
        </test-method> <!-- VerifyFilters -->
        <test-method is-config="true" signature="LogoutSetUp()[pri:0, instance:com.sauceDemo.TestPackage.TC08_VerifyToApplyTheFilter@43dac38f]" started-at="2022-11-05T12:15:30 IST" name="LogoutSetUp" finished-at="1970-01-01T05:30:00 IST" duration-ms="-1667630730741" status="SKIP">
          <reporter-output>
          </reporter-output>
        </test-method> <!-- LogoutSetUp -->
        <test-method is-config="true" signature="TearDown()[pri:0, instance:com.sauceDemo.TestPackage.TC08_VerifyToApplyTheFilter@43dac38f]" started-at="2022-11-05T12:15:30 IST" name="TearDown" finished-at="1970-01-01T05:30:00 IST" duration-ms="-1667630730742" status="SKIP">
          <reporter-output>
          </reporter-output>
        </test-method> <!-- TearDown -->
      </class> <!-- com.sauceDemo.TestPackage.TC08_VerifyToApplyTheFilter -->
      <class name="com.sauceDemo.TestPackage.TC06_VerifyToProceedForCheckout">
        <test-method is-config="true" signature="SetUp(java.lang.String)[pri:0, instance:com.sauceDemo.TestPackage.TC06_VerifyToProceedForCheckout@d5b810e]" started-at="2022-11-05T12:15:03 IST" name="SetUp" finished-at="2022-11-05T12:15:13 IST" duration-ms="9613" status="PASS">
          <params>
            <param index="0">
              <value>
                <![CDATA[firefox]]>
              </value>
            </param>
          </params>
          <reporter-output>
          </reporter-output>
        </test-method> <!-- SetUp -->
        <test-method is-config="true" signature="LoginSetUp()[pri:0, instance:com.sauceDemo.TestPackage.TC06_VerifyToProceedForCheckout@d5b810e]" started-at="2022-11-05T12:15:13 IST" name="LoginSetUp" finished-at="2022-11-05T12:15:14 IST" duration-ms="644" status="PASS">
          <reporter-output>
          </reporter-output>
        </test-method> <!-- LoginSetUp -->
        <test-method signature="VerifyCheckout()[pri:8, instance:com.sauceDemo.TestPackage.TC06_VerifyToProceedForCheckout@d5b810e]" started-at="2022-11-05T12:15:14 IST" name="VerifyCheckout" finished-at="2022-11-05T12:15:15 IST" duration-ms="1864" status="PASS">
          <reporter-output>
          </reporter-output>
        </test-method> <!-- VerifyCheckout -->
        <test-method is-config="true" signature="LogoutSetUp()[pri:0, instance:com.sauceDemo.TestPackage.TC06_VerifyToProceedForCheckout@d5b810e]" started-at="2022-11-05T12:15:15 IST" name="LogoutSetUp" finished-at="2022-11-05T12:15:16 IST" duration-ms="798" status="PASS">
          <reporter-output>
          </reporter-output>
        </test-method> <!-- LogoutSetUp -->
        <test-method is-config="true" signature="TearDown()[pri:0, instance:com.sauceDemo.TestPackage.TC06_VerifyToProceedForCheckout@d5b810e]" started-at="2022-11-05T12:15:16 IST" name="TearDown" finished-at="2022-11-05T12:15:17 IST" duration-ms="959" status="PASS">
          <reporter-output>
          </reporter-output>
        </test-method> <!-- TearDown -->
      </class> <!-- com.sauceDemo.TestPackage.TC06_VerifyToProceedForCheckout -->
      <class name="com.sauceDemo.TestPackage.TC07_VerifyLogOutFunctionality">
        <test-method is-config="true" signature="SetUp(java.lang.String)[pri:0, instance:com.sauceDemo.TestPackage.TC07_VerifyLogOutFunctionality@342c38f8]" started-at="2022-11-05T12:15:03 IST" name="SetUp" finished-at="2022-11-05T12:15:13 IST" duration-ms="10120" status="PASS">
          <params>
            <param index="0">
              <value>
                <![CDATA[firefox]]>
              </value>
            </param>
          </params>
          <reporter-output>
          </reporter-output>
        </test-method> <!-- SetUp -->
        <test-method is-config="true" signature="LoginSetUp()[pri:0, instance:com.sauceDemo.TestPackage.TC07_VerifyLogOutFunctionality@342c38f8]" started-at="2022-11-05T12:15:13 IST" name="LoginSetUp" finished-at="2022-11-05T12:15:15 IST" duration-ms="1199" status="PASS">
          <reporter-output>
          </reporter-output>
        </test-method> <!-- LoginSetUp -->
        <test-method signature="VerifyLogout()[pri:2, instance:com.sauceDemo.TestPackage.TC07_VerifyLogOutFunctionality@342c38f8]" started-at="2022-11-05T12:15:15 IST" name="VerifyLogout" finished-at="2022-11-05T12:15:15 IST" duration-ms="5" status="PASS">
          <reporter-output>
          </reporter-output>
        </test-method> <!-- VerifyLogout -->
        <test-method is-config="true" signature="LogoutSetUp()[pri:0, instance:com.sauceDemo.TestPackage.TC07_VerifyLogOutFunctionality@342c38f8]" started-at="2022-11-05T12:15:15 IST" name="LogoutSetUp" finished-at="2022-11-05T12:15:16 IST" duration-ms="980" status="FAIL">
          <exception class="org.openqa.selenium.ElementNotInteractableException">
            <message>
              <![CDATA[Element <a id="logout_sidebar_link" class="bm-item menu-item" href="#"> could not be scrolled into view
Build info: version: '3.141.59', revision: 'e82be7d358', time: '2018-11-14T08:17:03'
System info: host: 'PRAVIN', ip: '192.168.45.231', os.name: 'Windows 11', os.arch: 'amd64', os.version: '10.0', java.version: '11.0.15.1'
Driver info: org.openqa.selenium.firefox.FirefoxDriver
Capabilities {acceptInsecureCerts: true, browserName: firefox, browserVersion: 106.0.3, javascriptEnabled: true, moz:accessibilityChecks: false, moz:buildID: 20221030091646, moz:geckodriverVersion: 0.32.0, moz:headless: false, moz:platformVersion: 10.0, moz:processID: 10108, moz:profile: C:\Users\PRAVIN~1\AppData\L..., moz:shutdownTimeout: 60000, moz:useNonSpecCompliantPointerOrigin: false, moz:webdriverClick: true, moz:windowless: false, pageLoadStrategy: normal, platform: WINDOWS, platformName: WINDOWS, proxy: Proxy(), setWindowRect: true, strictFileInteractability: false, timeouts: {implicit: 0, pageLoad: 300000, script: 30000}, unhandledPromptBehavior: dismiss and notify}
Session ID: 709920a1-1788-4461-9075-91d0faed85ea]]>
            </message>
            <full-stacktrace>
              <![CDATA[org.openqa.selenium.ElementNotInteractableException: Element <a id="logout_sidebar_link" class="bm-item menu-item" href="#"> could not be scrolled into view
Build info: version: '3.141.59', revision: 'e82be7d358', time: '2018-11-14T08:17:03'
System info: host: 'PRAVIN', ip: '192.168.45.231', os.name: 'Windows 11', os.arch: 'amd64', os.version: '10.0', java.version: '11.0.15.1'
Driver info: org.openqa.selenium.firefox.FirefoxDriver
Capabilities {acceptInsecureCerts: true, browserName: firefox, browserVersion: 106.0.3, javascriptEnabled: true, moz:accessibilityChecks: false, moz:buildID: 20221030091646, moz:geckodriverVersion: 0.32.0, moz:headless: false, moz:platformVersion: 10.0, moz:processID: 10108, moz:profile: C:\Users\PRAVIN~1\AppData\L..., moz:shutdownTimeout: 60000, moz:useNonSpecCompliantPointerOrigin: false, moz:webdriverClick: true, moz:windowless: false, pageLoadStrategy: normal, platform: WINDOWS, platformName: WINDOWS, proxy: Proxy(), setWindowRect: true, strictFileInteractability: false, timeouts: {implicit: 0, pageLoad: 300000, script: 30000}, unhandledPromptBehavior: dismiss and notify}
Session ID: 709920a1-1788-4461-9075-91d0faed85ea
at java.base/jdk.internal.reflect.NativeConstructorAccessorImpl.newInstance0(Native Method)
at java.base/jdk.internal.reflect.NativeConstructorAccessorImpl.newInstance(NativeConstructorAccessorImpl.java:62)
at java.base/jdk.internal.reflect.DelegatingConstructorAccessorImpl.newInstance(DelegatingConstructorAccessorImpl.java:45)
at java.base/java.lang.reflect.Constructor.newInstance(Constructor.java:490)
at org.openqa.selenium.remote.http.W3CHttpResponseCodec.createException(W3CHttpResponseCodec.java:187)
at org.openqa.selenium.remote.http.W3CHttpResponseCodec.decode(W3CHttpResponseCodec.java:122)
at org.openqa.selenium.remote.http.W3CHttpResponseCodec.decode(W3CHttpResponseCodec.java:49)
at org.openqa.selenium.remote.HttpCommandExecutor.execute(HttpCommandExecutor.java:158)
at org.openqa.selenium.remote.service.DriverCommandExecutor.execute(DriverCommandExecutor.java:83)
at org.openqa.selenium.remote.RemoteWebDriver.execute(RemoteWebDriver.java:552)
at org.openqa.selenium.remote.RemoteWebElement.execute(RemoteWebElement.java:285)
at org.openqa.selenium.remote.RemoteWebElement.click(RemoteWebElement.java:84)
at jdk.internal.reflect.GeneratedMethodAccessor1.invoke(Unknown Source)
at java.base/jdk.internal.reflect.DelegatingMethodAccessorImpl.invoke(DelegatingMethodAccessorImpl.java:43)
at java.base/java.lang.reflect.Method.invoke(Method.java:566)
at org.openqa.selenium.support.pagefactory.internal.LocatingElementHandler.invoke(LocatingElementHandler.java:51)
at com.sun.proxy.$Proxy15.click(Unknown Source)
at com.sauceDemo.POMPackage.HomePOMClass.clickOnLogOutButton(HomePOMClass.java:47)
at com.sauceDemo.TestPackage.TestBaseClass.LogoutSetUp(TestBaseClass.java:116)
at java.base/jdk.internal.reflect.NativeMethodAccessorImpl.invoke0(Native Method)
at java.base/jdk.internal.reflect.NativeMethodAccessorImpl.invoke(NativeMethodAccessorImpl.java:62)
at java.base/jdk.internal.reflect.DelegatingMethodAccessorImpl.invoke(DelegatingMethodAccessorImpl.java:43)
at java.base/java.lang.reflect.Method.invoke(Method.java:566)
at org.testng.internal.MethodInvocationHelper.invokeMethod(MethodInvocationHelper.java:133)
at org.testng.internal.MethodInvocationHelper.invokeMethodConsideringTimeout(MethodInvocationHelper.java:62)
at org.testng.internal.ConfigInvoker.invokeConfigurationMethod(ConfigInvoker.java:385)
at org.testng.internal.ConfigInvoker.invokeConfigurations(ConfigInvoker.java:321)
at org.testng.internal.TestInvoker.runConfigMethods(TestInvoker.java:700)
at org.testng.internal.TestInvoker.runAfterGroupsConfigurations(TestInvoker.java:676)
at org.testng.internal.TestInvoker.invokeMethod(TestInvoker.java:660)
at org.testng.internal.TestInvoker.invokeTestMethod(TestInvoker.java:173)
at org.testng.internal.MethodRunner.runInSequence(MethodRunner.java:46)
at org.testng.internal.TestInvoker$MethodInvocationAgent.invoke(TestInvoker.java:824)
at org.testng.internal.TestInvoker.invokeTestMethods(TestInvoker.java:146)
at org.testng.internal.TestMethodWorker.invokeTestMethods(TestMethodWorker.java:146)
at org.testng.internal.TestMethodWorker.run(TestMethodWorker.java:128)
at java.base/java.util.concurrent.ThreadPoolExecutor.runWorker(ThreadPoolExecutor.java:1128)
at java.base/java.util.concurrent.ThreadPoolExecutor$Worker.run(ThreadPoolExecutor.java:628)
at java.base/java.lang.Thread.run(Thread.java:834)
]]>
            </full-stacktrace>
          </exception> <!-- org.openqa.selenium.ElementNotInteractableException -->
          <reporter-output>
          </reporter-output>
        </test-method> <!-- LogoutSetUp -->
        <test-method is-config="true" signature="LoginSetUp()[pri:0, instance:com.sauceDemo.TestPackage.TC07_VerifyLogOutFunctionality@342c38f8]" started-at="2022-11-05T12:15:16 IST" name="LoginSetUp" finished-at="1970-01-01T05:30:00 IST" duration-ms="-1667630716149" status="SKIP">
          <reporter-output>
          </reporter-output>
        </test-method> <!-- LoginSetUp -->
        <test-method signature="VerifyLogout()[pri:2, instance:com.sauceDemo.TestPackage.TC07_VerifyLogOutFunctionality@342c38f8]" started-at="2022-11-05T12:15:16 IST" name="VerifyLogout" finished-at="2022-11-05T12:15:16 IST" duration-ms="0" status="SKIP">
          <exception class="org.openqa.selenium.ElementNotInteractableException">
            <message>
              <![CDATA[Element <a id="logout_sidebar_link" class="bm-item menu-item" href="#"> could not be scrolled into view
Build info: version: '3.141.59', revision: 'e82be7d358', time: '2018-11-14T08:17:03'
System info: host: 'PRAVIN', ip: '192.168.45.231', os.name: 'Windows 11', os.arch: 'amd64', os.version: '10.0', java.version: '11.0.15.1'
Driver info: org.openqa.selenium.firefox.FirefoxDriver
Capabilities {acceptInsecureCerts: true, browserName: firefox, browserVersion: 106.0.3, javascriptEnabled: true, moz:accessibilityChecks: false, moz:buildID: 20221030091646, moz:geckodriverVersion: 0.32.0, moz:headless: false, moz:platformVersion: 10.0, moz:processID: 10108, moz:profile: C:\Users\PRAVIN~1\AppData\L..., moz:shutdownTimeout: 60000, moz:useNonSpecCompliantPointerOrigin: false, moz:webdriverClick: true, moz:windowless: false, pageLoadStrategy: normal, platform: WINDOWS, platformName: WINDOWS, proxy: Proxy(), setWindowRect: true, strictFileInteractability: false, timeouts: {implicit: 0, pageLoad: 300000, script: 30000}, unhandledPromptBehavior: dismiss and notify}
Session ID: 709920a1-1788-4461-9075-91d0faed85ea]]>
            </message>
            <full-stacktrace>
              <![CDATA[org.openqa.selenium.ElementNotInteractableException: Element <a id="logout_sidebar_link" class="bm-item menu-item" href="#"> could not be scrolled into view
Build info: version: '3.141.59', revision: 'e82be7d358', time: '2018-11-14T08:17:03'
System info: host: 'PRAVIN', ip: '192.168.45.231', os.name: 'Windows 11', os.arch: 'amd64', os.version: '10.0', java.version: '11.0.15.1'
Driver info: org.openqa.selenium.firefox.FirefoxDriver
Capabilities {acceptInsecureCerts: true, browserName: firefox, browserVersion: 106.0.3, javascriptEnabled: true, moz:accessibilityChecks: false, moz:buildID: 20221030091646, moz:geckodriverVersion: 0.32.0, moz:headless: false, moz:platformVersion: 10.0, moz:processID: 10108, moz:profile: C:\Users\PRAVIN~1\AppData\L..., moz:shutdownTimeout: 60000, moz:useNonSpecCompliantPointerOrigin: false, moz:webdriverClick: true, moz:windowless: false, pageLoadStrategy: normal, platform: WINDOWS, platformName: WINDOWS, proxy: Proxy(), setWindowRect: true, strictFileInteractability: false, timeouts: {implicit: 0, pageLoad: 300000, script: 30000}, unhandledPromptBehavior: dismiss and notify}
Session ID: 709920a1-1788-4461-9075-91d0faed85ea
at java.base/jdk.internal.reflect.NativeConstructorAccessorImpl.newInstance0(Native Method)
at java.base/jdk.internal.reflect.NativeConstructorAccessorImpl.newInstance(NativeConstructorAccessorImpl.java:62)
at java.base/jdk.internal.reflect.DelegatingConstructorAccessorImpl.newInstance(DelegatingConstructorAccessorImpl.java:45)
at java.base/java.lang.reflect.Constructor.newInstance(Constructor.java:490)
at org.openqa.selenium.remote.http.W3CHttpResponseCodec.createException(W3CHttpResponseCodec.java:187)
at org.openqa.selenium.remote.http.W3CHttpResponseCodec.decode(W3CHttpResponseCodec.java:122)
at org.openqa.selenium.remote.http.W3CHttpResponseCodec.decode(W3CHttpResponseCodec.java:49)
at org.openqa.selenium.remote.HttpCommandExecutor.execute(HttpCommandExecutor.java:158)
at org.openqa.selenium.remote.service.DriverCommandExecutor.execute(DriverCommandExecutor.java:83)
at org.openqa.selenium.remote.RemoteWebDriver.execute(RemoteWebDriver.java:552)
at org.openqa.selenium.remote.RemoteWebElement.execute(RemoteWebElement.java:285)
at org.openqa.selenium.remote.RemoteWebElement.click(RemoteWebElement.java:84)
at jdk.internal.reflect.GeneratedMethodAccessor1.invoke(Unknown Source)
at java.base/jdk.internal.reflect.DelegatingMethodAccessorImpl.invoke(DelegatingMethodAccessorImpl.java:43)
at java.base/java.lang.reflect.Method.invoke(Method.java:566)
at org.openqa.selenium.support.pagefactory.internal.LocatingElementHandler.invoke(LocatingElementHandler.java:51)
at com.sun.proxy.$Proxy15.click(Unknown Source)
at com.sauceDemo.POMPackage.HomePOMClass.clickOnLogOutButton(HomePOMClass.java:47)
at com.sauceDemo.TestPackage.TestBaseClass.LogoutSetUp(TestBaseClass.java:116)
at java.base/jdk.internal.reflect.NativeMethodAccessorImpl.invoke0(Native Method)
at java.base/jdk.internal.reflect.NativeMethodAccessorImpl.invoke(NativeMethodAccessorImpl.java:62)
at java.base/jdk.internal.reflect.DelegatingMethodAccessorImpl.invoke(DelegatingMethodAccessorImpl.java:43)
at java.base/java.lang.reflect.Method.invoke(Method.java:566)
at org.testng.internal.MethodInvocationHelper.invokeMethod(MethodInvocationHelper.java:133)
at org.testng.internal.MethodInvocationHelper.invokeMethodConsideringTimeout(MethodInvocationHelper.java:62)
at org.testng.internal.ConfigInvoker.invokeConfigurationMethod(ConfigInvoker.java:385)
at org.testng.internal.ConfigInvoker.invokeConfigurations(ConfigInvoker.java:321)
at org.testng.internal.TestInvoker.runConfigMethods(TestInvoker.java:700)
at org.testng.internal.TestInvoker.runAfterGroupsConfigurations(TestInvoker.java:676)
at org.testng.internal.TestInvoker.invokeMethod(TestInvoker.java:660)
at org.testng.internal.TestInvoker.invokeTestMethod(TestInvoker.java:173)
at org.testng.internal.MethodRunner.runInSequence(MethodRunner.java:46)
at org.testng.internal.TestInvoker$MethodInvocationAgent.invoke(TestInvoker.java:824)
at org.testng.internal.TestInvoker.invokeTestMethods(TestInvoker.java:146)
at org.testng.internal.TestMethodWorker.invokeTestMethods(TestMethodWorker.java:146)
at org.testng.internal.TestMethodWorker.run(TestMethodWorker.java:128)
at java.base/java.util.concurrent.ThreadPoolExecutor.runWorker(ThreadPoolExecutor.java:1128)
at java.base/java.util.concurrent.ThreadPoolExecutor$Worker.run(ThreadPoolExecutor.java:628)
at java.base/java.lang.Thread.run(Thread.java:834)
]]>
            </full-stacktrace>
          </exception> <!-- org.openqa.selenium.ElementNotInteractableException -->
          <reporter-output>
          </reporter-output>
        </test-method> <!-- VerifyLogout -->
        <test-method is-config="true" signature="LogoutSetUp()[pri:0, instance:com.sauceDemo.TestPackage.TC07_VerifyLogOutFunctionality@342c38f8]" started-at="2022-11-05T12:15:16 IST" name="LogoutSetUp" finished-at="1970-01-01T05:30:00 IST" duration-ms="-1667630716157" status="SKIP">
          <reporter-output>
          </reporter-output>
        </test-method> <!-- LogoutSetUp -->
        <test-method is-config="true" signature="TearDown()[pri:0, instance:com.sauceDemo.TestPackage.TC07_VerifyLogOutFunctionality@342c38f8]" started-at="2022-11-05T12:15:16 IST" name="TearDown" finished-at="1970-01-01T05:30:00 IST" duration-ms="-1667630716159" status="SKIP">
          <reporter-output>
          </reporter-output>
        </test-method> <!-- TearDown -->
      </class> <!-- com.sauceDemo.TestPackage.TC07_VerifyLogOutFunctionality -->
      <class name="com.sauceDemo.TestPackage.TC09_VerifyToCheckThe_About">
        <test-method is-config="true" signature="SetUp(java.lang.String)[pri:0, instance:com.sauceDemo.TestPackage.TC09_VerifyToCheckThe_About@485966cc]" started-at="2022-11-05T12:15:03 IST" name="SetUp" finished-at="2022-11-05T12:15:14 IST" duration-ms="10190" status="PASS">
          <params>
            <param index="0">
              <value>
                <![CDATA[firefox]]>
              </value>
            </param>
          </params>
          <reporter-output>
          </reporter-output>
        </test-method> <!-- SetUp -->
        <test-method is-config="true" signature="LoginSetUp()[pri:0, instance:com.sauceDemo.TestPackage.TC09_VerifyToCheckThe_About@485966cc]" started-at="2022-11-05T12:15:14 IST" name="LoginSetUp" finished-at="2022-11-05T12:15:15 IST" duration-ms="1150" status="PASS">
          <reporter-output>
          </reporter-output>
        </test-method> <!-- LoginSetUp -->
        <test-method signature="VerifyAbout()[pri:4, instance:com.sauceDemo.TestPackage.TC09_VerifyToCheckThe_About@485966cc]" started-at="2022-11-05T12:15:15 IST" name="VerifyAbout" finished-at="2022-11-05T12:15:16 IST" duration-ms="970" status="FAIL">
          <exception class="org.openqa.selenium.ElementNotInteractableException">
            <message>
              <![CDATA[Element <a id="about_sidebar_link" class="bm-item menu-item" href="https://saucelabs.com/"> could not be scrolled into view
Build info: version: '3.141.59', revision: 'e82be7d358', time: '2018-11-14T08:17:03'
System info: host: 'PRAVIN', ip: '192.168.45.231', os.name: 'Windows 11', os.arch: 'amd64', os.version: '10.0', java.version: '11.0.15.1'
Driver info: org.openqa.selenium.firefox.FirefoxDriver
Capabilities {acceptInsecureCerts: true, browserName: firefox, browserVersion: 106.0.3, javascriptEnabled: true, moz:accessibilityChecks: false, moz:buildID: 20221030091646, moz:geckodriverVersion: 0.32.0, moz:headless: false, moz:platformVersion: 10.0, moz:processID: 8548, moz:profile: C:\Users\PRAVIN~1\AppData\L..., moz:shutdownTimeout: 60000, moz:useNonSpecCompliantPointerOrigin: false, moz:webdriverClick: true, moz:windowless: false, pageLoadStrategy: normal, platform: WINDOWS, platformName: WINDOWS, proxy: Proxy(), setWindowRect: true, strictFileInteractability: false, timeouts: {implicit: 0, pageLoad: 300000, script: 30000}, unhandledPromptBehavior: dismiss and notify}
Session ID: 85f3ba02-8389-43fe-abf7-2d098d612aab]]>
            </message>
            <full-stacktrace>
              <![CDATA[org.openqa.selenium.ElementNotInteractableException: Element <a id="about_sidebar_link" class="bm-item menu-item" href="https://saucelabs.com/"> could not be scrolled into view
Build info: version: '3.141.59', revision: 'e82be7d358', time: '2018-11-14T08:17:03'
System info: host: 'PRAVIN', ip: '192.168.45.231', os.name: 'Windows 11', os.arch: 'amd64', os.version: '10.0', java.version: '11.0.15.1'
Driver info: org.openqa.selenium.firefox.FirefoxDriver
Capabilities {acceptInsecureCerts: true, browserName: firefox, browserVersion: 106.0.3, javascriptEnabled: true, moz:accessibilityChecks: false, moz:buildID: 20221030091646, moz:geckodriverVersion: 0.32.0, moz:headless: false, moz:platformVersion: 10.0, moz:processID: 8548, moz:profile: C:\Users\PRAVIN~1\AppData\L..., moz:shutdownTimeout: 60000, moz:useNonSpecCompliantPointerOrigin: false, moz:webdriverClick: true, moz:windowless: false, pageLoadStrategy: normal, platform: WINDOWS, platformName: WINDOWS, proxy: Proxy(), setWindowRect: true, strictFileInteractability: false, timeouts: {implicit: 0, pageLoad: 300000, script: 30000}, unhandledPromptBehavior: dismiss and notify}
Session ID: 85f3ba02-8389-43fe-abf7-2d098d612aab
at java.base/jdk.internal.reflect.NativeConstructorAccessorImpl.newInstance0(Native Method)
at java.base/jdk.internal.reflect.NativeConstructorAccessorImpl.newInstance(NativeConstructorAccessorImpl.java:62)
at java.base/jdk.internal.reflect.DelegatingConstructorAccessorImpl.newInstance(DelegatingConstructorAccessorImpl.java:45)
at java.base/java.lang.reflect.Constructor.newInstance(Constructor.java:490)
at org.openqa.selenium.remote.http.W3CHttpResponseCodec.createException(W3CHttpResponseCodec.java:187)
at org.openqa.selenium.remote.http.W3CHttpResponseCodec.decode(W3CHttpResponseCodec.java:122)
at org.openqa.selenium.remote.http.W3CHttpResponseCodec.decode(W3CHttpResponseCodec.java:49)
at org.openqa.selenium.remote.HttpCommandExecutor.execute(HttpCommandExecutor.java:158)
at org.openqa.selenium.remote.service.DriverCommandExecutor.execute(DriverCommandExecutor.java:83)
at org.openqa.selenium.remote.RemoteWebDriver.execute(RemoteWebDriver.java:552)
at org.openqa.selenium.remote.RemoteWebElement.execute(RemoteWebElement.java:285)
at org.openqa.selenium.remote.RemoteWebElement.click(RemoteWebElement.java:84)
at jdk.internal.reflect.GeneratedMethodAccessor1.invoke(Unknown Source)
at java.base/jdk.internal.reflect.DelegatingMethodAccessorImpl.invoke(DelegatingMethodAccessorImpl.java:43)
at java.base/java.lang.reflect.Method.invoke(Method.java:566)
at org.openqa.selenium.support.pagefactory.internal.LocatingElementHandler.invoke(LocatingElementHandler.java:51)
at com.sun.proxy.$Proxy15.click(Unknown Source)
at com.sauceDemo.POMPackage.HomePOMClass.clickOnAboutButton(HomePOMClass.java:38)
at com.sauceDemo.TestPackage.TC09_VerifyToCheckThe_About.VerifyAbout(TC09_VerifyToCheckThe_About.java:22)
at java.base/jdk.internal.reflect.NativeMethodAccessorImpl.invoke0(Native Method)
at java.base/jdk.internal.reflect.NativeMethodAccessorImpl.invoke(NativeMethodAccessorImpl.java:62)
at java.base/jdk.internal.reflect.DelegatingMethodAccessorImpl.invoke(DelegatingMethodAccessorImpl.java:43)
at java.base/java.lang.reflect.Method.invoke(Method.java:566)
at org.testng.internal.MethodInvocationHelper.invokeMethod(MethodInvocationHelper.java:133)
at org.testng.internal.TestInvoker.invokeMethod(TestInvoker.java:598)
at org.testng.internal.TestInvoker.invokeTestMethod(TestInvoker.java:173)
at org.testng.internal.MethodRunner.runInSequence(MethodRunner.java:46)
at org.testng.internal.TestInvoker$MethodInvocationAgent.invoke(TestInvoker.java:824)
at org.testng.internal.TestInvoker.invokeTestMethods(TestInvoker.java:146)
at org.testng.internal.TestMethodWorker.invokeTestMethods(TestMethodWorker.java:146)
at org.testng.internal.TestMethodWorker.run(TestMethodWorker.java:128)
at java.base/java.util.concurrent.ThreadPoolExecutor.runWorker(ThreadPoolExecutor.java:1128)
at java.base/java.util.concurrent.ThreadPoolExecutor$Worker.run(ThreadPoolExecutor.java:628)
at java.base/java.lang.Thread.run(Thread.java:834)
]]>
            </full-stacktrace>
          </exception> <!-- org.openqa.selenium.ElementNotInteractableException -->
          <reporter-output>
          </reporter-output>
        </test-method> <!-- VerifyAbout -->
        <test-method is-config="true" signature="LogoutSetUp()[pri:0, instance:com.sauceDemo.TestPackage.TC09_VerifyToCheckThe_About@485966cc]" started-at="2022-11-05T12:15:16 IST" name="LogoutSetUp" finished-at="2022-11-05T12:15:17 IST" duration-ms="1570" status="PASS">
          <reporter-output>
          </reporter-output>
        </test-method> <!-- LogoutSetUp -->
        <test-method is-config="true" signature="TearDown()[pri:0, instance:com.sauceDemo.TestPackage.TC09_VerifyToCheckThe_About@485966cc]" started-at="2022-11-05T12:15:17 IST" name="TearDown" finished-at="2022-11-05T12:15:18 IST" duration-ms="1216" status="PASS">
          <reporter-output>
          </reporter-output>
        </test-method> <!-- TearDown -->
      </class> <!-- com.sauceDemo.TestPackage.TC09_VerifyToCheckThe_About -->
    </test> <!-- FirefoxTest -->
  </suite> <!-- Suite -->
</testng-results>
